/set prt_ntxt=Ccyan
/set prt_ntxt2=
/set prt_htxt=
/set prt_htxt2=BCwhite

/purge setstatusfields
/def setstatusfields = \
    /set status_fields=\
        "  ":2 \
        currenthp:%{chpval}:%{hpcolor} \
        leftp:1 \
        maxhp:%{mhpval} \
        rightp:1 \
        hpb:1 \
        " ":1 \
        currentmana:$[strlen({currentmana})]:%{manacolor} \
        leftp:1 \
        maxmana:%{mmaval} \
        rightp:1 \
        manab:1 \
        " ":1 \
        currentmove:%{cmoval}:%{movecolor} \
        leftp:1 \
        maxmove:%{mmoval} \
        rightp:1 moveb:1 \
        " ":1 \
        ">" \
        "  ":2 \
        "(weapon:":8:%prt_ntxt \
        weapon:$[strlen(weapon)]:%prt_htxt2 \
        ") ":2:%prt_ntxt \
        "(leader:":8:%prt_ntxt \
        tank:$[strlen(tank)]:%prt_htxt2 \
        ")":1:%prt_ntxt \
        "":$[strlen(foobar)] \
;        "(time:":6:%prt_ntxt \
;        @clock:5:%prt_htxt2 \
;        ")":1:%prt_ntxt

